<?xml version="1.0" encoding="UTF-8"?>
<!-- Generated by org.testng.reporters.JUnitReportReporter -->
<testsuite hostname="DESKTOP-KAK2E0B" failures="0" tests="2" name="excelDataDriven.DataManagementFinalVersion" time="0.010" errors="0" timestamp="2023-12-08T08:03:51 GST" skipped="1">
  <testcase classname="excelDataDriven.DataManagementFinalVersion" name="f" time="0.003">
    <skipped/>
  </testcase> <!-- f -->
  <system-out/>
  <testcase classname="excelDataDriven.DataManagementFinalVersion" name="f" time="0.007"/>
  <system-out/>
</testsuite> <!-- excelDataDriven.DataManagementFinalVersion -->
