<?xml version="1.0" encoding="UTF-8"?>
<!-- Generated by org.testng.reporters.JUnitReportReporter -->
<testsuite hostname="DESKTOP-KAK2E0B" failures="0" tests="1" name="pack.CheckBox1" time="7.733" errors="0" timestamp="2023-12-20T22:18:00 GST" skipped="0">
  <testcase classname="pack.CheckBox1" name="checkboxTest" time="7.733"/>
  <system-out/>
</testsuite> <!-- pack.CheckBox1 -->
