<?xml version="1.0" encoding="UTF-8"?>
<!-- Generated by org.testng.reporters.JUnitReportReporter -->
<testsuite hostname="DESKTOP-KAK2E0B" failures="0" tests="4" name="pack.TestDependency" time="0.009" errors="0" timestamp="2023-10-13T08:36:33 GST" skipped="2">
  <testcase classname="pack.TestDependency" name="orange" time="0.007"/>
  <system-out/>
  <testcase classname="pack.TestDependency" name="white" time="0.001"/>
  <system-out/>
  <testcase classname="pack.TestDependency" name="blue" time="0.001">
    <skipped/>
  </testcase> <!-- blue -->
  <system-out/>
  <testcase classname="pack.TestDependency" name="green" time="0.000">
    <skipped/>
  </testcase> <!-- green -->
  <system-out/>
</testsuite> <!-- pack.TestDependency -->
