<?xml version="1.0" encoding="UTF-8"?>
<!-- Generated by org.testng.reporters.JUnitReportReporter -->
<testsuite hostname="DESKTOP-KAK2E0B" failures="0" tests="2" name="excelDataDriven.FaceBookFinalProgram" time="6.661" errors="0" timestamp="2023-12-08T08:21:06 GST" skipped="1">
  <testcase classname="excelDataDriven.FaceBookFinalProgram" name="f" time="2.543">
    <skipped/>
  </testcase> <!-- f -->
  <system-out/>
  <testcase classname="excelDataDriven.FaceBookFinalProgram" name="f" time="4.118"/>
  <system-out/>
</testsuite> <!-- excelDataDriven.FaceBookFinalProgram -->
