<?xml version="1.0" encoding="UTF-8"?>
<!-- Generated by org.testng.reporters.JUnitReportReporter -->
<testsuite hostname="DESKTOP-KAK2E0B" failures="0" tests="1" name="suiteA.TestA3" time="4.008" errors="0" timestamp="2023-10-12T14:24:22 GST" skipped="0">
  <testcase classname="suiteA.TestA3" name="f" time="4.008"/>
  <system-out/>
</testsuite> <!-- suiteA.TestA3 -->
