<?xml version="1.0" encoding="UTF-8"?>
<!-- Generated by org.testng.reporters.JUnitReportReporter -->
<testsuite hostname="DESKTOP-KAK2E0B" failures="0" tests="1" name="suiteB.TestB2" time="4.013" errors="0" timestamp="2023-10-12T08:34:07 GST" skipped="0">
  <testcase classname="suiteB.TestB2" name="f" time="4.013"/>
  <system-out/>
</testsuite> <!-- suiteB.TestB2 -->
