<?xml version="1.0" encoding="UTF-8"?>
<!-- Generated by org.testng.reporters.JUnitReportReporter -->
<testsuite hostname="DESKTOP-KAK2E0B" failures="0" tests="1" name="pack.NewTest" time="0.007" errors="0" timestamp="2023-10-02T00:52:04 GST" skipped="0">
  <testcase classname="pack.NewTest" name="f" time="0.007"/>
  <system-out/>
</testsuite> <!-- pack.NewTest -->
