<?xml version="1.0" encoding="UTF-8"?>
<!-- Generated by org.testng.reporters.JUnitReportReporter -->
<testsuite hostname="DESKTOP-KAK2E0B" failures="0" tests="1" name="pack.NewTest1" time="0.008" errors="0" timestamp="2023-10-02T00:56:51 GST" skipped="0">
  <testcase classname="pack.NewTest1" name="f" time="0.008"/>
  <system-out/>
</testsuite> <!-- pack.NewTest1 -->
