<?xml version="1.0" encoding="UTF-8"?>
<!-- Generated by org.testng.reporters.JUnitReportReporter -->
<testsuite hostname="DESKTOP-KAK2E0B" failures="0" tests="1" name="suiteB.TestB3" time="4.012" errors="0" timestamp="2023-10-12T08:34:07 GST" skipped="0">
  <testcase classname="suiteB.TestB3" name="f" time="4.012"/>
  <system-out/>
</testsuite> <!-- suiteB.TestB3 -->
