<?xml version="1.0" encoding="UTF-8"?>
<!-- Generated by org.testng.reporters.JUnitReportReporter -->
<testsuite hostname="DESKTOP-KAK2E0B" failures="0" tests="2" name="excelDataDriven.DataManagementwithHashTable" time="0.008" errors="0" timestamp="2023-12-08T07:39:13 GST" skipped="0">
  <testcase classname="excelDataDriven.DataManagementwithHashTable" name="f" time="0.002"/>
  <system-out/>
  <testcase classname="excelDataDriven.DataManagementwithHashTable" name="f" time="0.006"/>
  <system-out/>
</testsuite> <!-- excelDataDriven.DataManagementwithHashTable -->
