<?xml version="1.0" encoding="UTF-8"?>
<!-- Generated by org.testng.reporters.JUnitReportReporter -->
<testsuite hostname="DESKTOP-KAK2E0B" failures="0" tests="1" name="pack.LinksTesting1" time="4.904" errors="0" timestamp="2023-10-13T08:08:43 GST" skipped="0">
  <testcase classname="pack.LinksTesting1" name="linktesting1" time="4.904"/>
  <system-out>
    <![CDATA[Clicked on Image Link]]>
  </system-out>
</testsuite> <!-- pack.LinksTesting1 -->
