<?xml version="1.0" encoding="UTF-8"?>
<!-- Generated by org.testng.reporters.JUnitReportReporter -->
<testsuite hostname="DESKTOP-KAK2E0B" failures="0" tests="2" name="pom.POM_0001" time="7.137" errors="0" timestamp="2023-12-10T08:52:01 GST" skipped="1">
  <testcase classname="pom.POM_0001" name="customerReg" time="7.137"/>
  <system-out/>
  <testcase classname="pom.POM_0001" name="f">
    <skipped/>
  </testcase> <!-- f -->
  <system-out/>
</testsuite> <!-- pom.POM_0001 -->
