<?xml version="1.0" encoding="UTF-8"?>
<!-- Generated by org.testng.reporters.JUnitReportReporter -->
<testsuite hostname="DESKTOP-KAK2E0B" failures="0" tests="1" name="pack.RadioButton1" time="7.583" errors="0" timestamp="2023-10-13T08:12:48 GST" skipped="0">
  <testcase classname="pack.RadioButton1" name="radioButtonTest" time="7.583"/>
  <system-out/>
</testsuite> <!-- pack.RadioButton1 -->
