<?xml version="1.0" encoding="UTF-8"?>
<!-- Generated by org.testng.reporters.JUnitReportReporter -->
<testsuite hostname="DESKTOP-KAK2E0B" failures="0" tests="3" name="pack.NewTest2" time="0.011" errors="0" timestamp="2023-10-02T01:14:11 GST" skipped="1">
  <testcase classname="pack.NewTest2" name="f" time="0.009"/>
  <system-out/>
  <testcase classname="pack.NewTest2" name="a" time="0.002"/>
  <system-out/>
  <testcase classname="pack.NewTest2" name="z">
    <skipped/>
  </testcase> <!-- z -->
  <system-out/>
</testsuite> <!-- pack.NewTest2 -->
