<?xml version="1.0" encoding="UTF-8"?>
<!-- Generated by org.testng.reporters.JUnitReportReporter -->
<testsuite hostname="DESKTOP-KAK2E0B" failures="0" tests="3" name="suiteParallel.NewTest" time="0.033" errors="0" timestamp="2023-10-12T14:24:52 GST" skipped="0">
  <testcase classname="suiteParallel.NewTest" name="f" time="0.011"/>
  <system-out/>
  <testcase classname="suiteParallel.NewTest" name="f1" time="0.011"/>
  <system-out/>
  <testcase classname="suiteParallel.NewTest" name="f3" time="0.011"/>
  <system-out/>
</testsuite> <!-- suiteParallel.NewTest -->
