<?xml version="1.0" encoding="UTF-8"?>
<!-- Generated by org.testng.reporters.JUnitReportReporter -->
<testsuite hostname="DESKTOP-KAK2E0B" failures="0" tests="3" name="excelDataDriven.DataManagementwithDataProvider" time="0.014" errors="0" timestamp="2023-12-06T12:40:28 GST" skipped="0">
  <testcase classname="excelDataDriven.DataManagementwithDataProvider" name="f" time="0.000"/>
  <system-out/>
  <testcase classname="excelDataDriven.DataManagementwithDataProvider" name="f" time="0.000"/>
  <system-out/>
  <testcase classname="excelDataDriven.DataManagementwithDataProvider" name="f" time="0.014"/>
  <system-out/>
</testsuite> <!-- excelDataDriven.DataManagementwithDataProvider -->
