<?xml version="1.0" encoding="UTF-8"?>
<!-- Generated by org.testng.reporters.JUnitReportReporter -->
<testsuite skipped="0" hostname="DESKTOP-KAK2E0B" name="pack.CheckBox1" tests="1" failures="0" timestamp="20 Dec 2023 18:48:24 GMT" time="9.416" errors="0">
  <testcase name="checkboxTest" time="9.416" classname="pack.CheckBox1"/>
</testsuite> <!-- pack.CheckBox1 -->
